[0.999s] DEBUG:colcon:Command line arguments: ['/usr/bin/colcon', 'build']
[1.000s] DEBUG:colcon:Parsed command line arguments: Namespace(log_base=None, log_level=None, verb_name='build', build_base='build', install_base='install', merge_install=False, symlink_install=False, test_result_base=None, continue_on_error=False, executor='parallel', parallel_workers=8, event_handlers=None, ignore_user_meta=False, metas=['./colcon.meta'], base_paths=['.'], packages_ignore=None, packages_ignore_regex=None, paths=None, packages_up_to=None, packages_up_to_regex=None, packages_above=None, packages_above_and_dependencies=None, packages_above_depth=None, packages_select_by_dep=None, packages_skip_by_dep=None, packages_skip_up_to=None, packages_select_build_failed=False, packages_skip_build_finished=False, packages_select_test_failures=False, packages_skip_test_passed=False, packages_select=None, packages_skip=None, packages_select_regex=None, packages_skip_regex=None, packages_start=None, packages_end=None, allow_overriding=[], cmake_args=None, cmake_target=None, cmake_target_skip_unavailable=False, cmake_clean_cache=False, cmake_clean_first=False, cmake_force_configure=False, ament_cmake_args=None, catkin_cmake_args=None, catkin_skip_building_tests=False, verb_parser=<colcon_defaults.argument_parser.defaults.DefaultArgumentsDecorator object at 0xffff875fbbb0>, verb_extension=<colcon_core.verb.build.BuildVerb object at 0xffff875fb6a0>, main=<bound method BuildVerb.main of <colcon_core.verb.build.BuildVerb object at 0xffff875fb6a0>>)
[2.270s] Level 1:colcon.colcon_core.package_discovery:discover_packages(colcon_meta) check parameters
[2.271s] Level 1:colcon.colcon_core.package_discovery:discover_packages(recursive) check parameters
[2.271s] Level 1:colcon.colcon_core.package_discovery:discover_packages(ignore) check parameters
[2.271s] Level 1:colcon.colcon_core.package_discovery:discover_packages(path) check parameters
[2.272s] Level 1:colcon.colcon_core.package_discovery:discover_packages(colcon_meta) discover
[2.272s] Level 1:colcon.colcon_core.package_discovery:discover_packages(recursive) discover
[2.272s] INFO:colcon.colcon_core.package_discovery:Crawling recursively for packages in '/root/ros_ws/catkin_ws'
[2.273s] Level 1:colcon.colcon_core.package_identification:_identify(.) by extensions ['ignore', 'ignore_ament_install']
[2.273s] Level 1:colcon.colcon_core.package_identification:_identify(.) by extension 'ignore'
[2.273s] Level 1:colcon.colcon_core.package_identification:_identify(.) by extension 'ignore_ament_install'
[2.274s] Level 1:colcon.colcon_core.package_identification:_identify(.) by extensions ['colcon_pkg']
[2.274s] Level 1:colcon.colcon_core.package_identification:_identify(.) by extension 'colcon_pkg'
[2.274s] Level 1:colcon.colcon_core.package_identification:_identify(.) by extensions ['colcon_meta']
[2.274s] Level 1:colcon.colcon_core.package_identification:_identify(.) by extension 'colcon_meta'
[2.275s] Level 1:colcon.colcon_core.package_identification:_identify(.) by extensions ['ros']
[2.275s] Level 1:colcon.colcon_core.package_identification:_identify(.) by extension 'ros'
[2.350s] Level 1:colcon.colcon_core.package_identification:_identify(.) by extensions ['cmake', 'python']
[2.351s] Level 1:colcon.colcon_core.package_identification:_identify(.) by extension 'cmake'
[2.351s] Level 1:colcon.colcon_core.package_identification:_identify(.) by extension 'python'
[2.351s] Level 1:colcon.colcon_core.package_identification:_identify(.) by extensions ['python_setup_py']
[2.351s] Level 1:colcon.colcon_core.package_identification:_identify(.) by extension 'python_setup_py'
[2.352s] Level 1:colcon.colcon_core.package_identification:_identify(build) by extensions ['ignore', 'ignore_ament_install']
[2.353s] Level 1:colcon.colcon_core.package_identification:_identify(build) by extension 'ignore'
[2.353s] Level 1:colcon.colcon_core.package_identification:_identify(build) ignored
[2.353s] Level 1:colcon.colcon_core.package_identification:_identify(install) by extensions ['ignore', 'ignore_ament_install']
[2.354s] Level 1:colcon.colcon_core.package_identification:_identify(install) by extension 'ignore'
[2.354s] Level 1:colcon.colcon_core.package_identification:_identify(install) ignored
[2.355s] Level 1:colcon.colcon_core.package_identification:_identify(log) by extensions ['ignore', 'ignore_ament_install']
[2.355s] Level 1:colcon.colcon_core.package_identification:_identify(log) by extension 'ignore'
[2.355s] Level 1:colcon.colcon_core.package_identification:_identify(log) ignored
[2.356s] Level 1:colcon.colcon_core.package_identification:_identify(src) by extensions ['ignore', 'ignore_ament_install']
[2.356s] Level 1:colcon.colcon_core.package_identification:_identify(src) by extension 'ignore'
[2.357s] Level 1:colcon.colcon_core.package_identification:_identify(src) by extension 'ignore_ament_install'
[2.357s] Level 1:colcon.colcon_core.package_identification:_identify(src) by extensions ['colcon_pkg']
[2.357s] Level 1:colcon.colcon_core.package_identification:_identify(src) by extension 'colcon_pkg'
[2.357s] Level 1:colcon.colcon_core.package_identification:_identify(src) by extensions ['colcon_meta']
[2.358s] Level 1:colcon.colcon_core.package_identification:_identify(src) by extension 'colcon_meta'
[2.358s] Level 1:colcon.colcon_core.package_identification:_identify(src) by extensions ['ros']
[2.358s] Level 1:colcon.colcon_core.package_identification:_identify(src) by extension 'ros'
[2.359s] Level 1:colcon.colcon_core.package_identification:_identify(src) by extensions ['cmake', 'python']
[2.359s] Level 1:colcon.colcon_core.package_identification:_identify(src) by extension 'cmake'
[2.359s] Level 1:colcon.colcon_core.package_identification:_identify(src) by extension 'python'
[2.359s] Level 1:colcon.colcon_core.package_identification:_identify(src) by extensions ['python_setup_py']
[2.359s] Level 1:colcon.colcon_core.package_identification:_identify(src) by extension 'python_setup_py'
[2.360s] Level 1:colcon.colcon_core.package_identification:_identify(src/cmd_pub) by extensions ['ignore', 'ignore_ament_install']
[2.360s] Level 1:colcon.colcon_core.package_identification:_identify(src/cmd_pub) by extension 'ignore'
[2.361s] Level 1:colcon.colcon_core.package_identification:_identify(src/cmd_pub) by extension 'ignore_ament_install'
[2.361s] Level 1:colcon.colcon_core.package_identification:_identify(src/cmd_pub) by extensions ['colcon_pkg']
[2.361s] Level 1:colcon.colcon_core.package_identification:_identify(src/cmd_pub) by extension 'colcon_pkg'
[2.361s] Level 1:colcon.colcon_core.package_identification:_identify(src/cmd_pub) by extensions ['colcon_meta']
[2.362s] Level 1:colcon.colcon_core.package_identification:_identify(src/cmd_pub) by extension 'colcon_meta'
[2.362s] Level 1:colcon.colcon_core.package_identification:_identify(src/cmd_pub) by extensions ['ros']
[2.362s] Level 1:colcon.colcon_core.package_identification:_identify(src/cmd_pub) by extension 'ros'
[2.378s] DEBUG:colcon.colcon_core.package_identification:Package 'src/cmd_pub' with type 'ros.ament_cmake' and name 'cmd_pub'
[2.378s] Level 1:colcon.colcon_core.package_discovery:discover_packages(recursive) using defaults
[2.378s] Level 1:colcon.colcon_core.package_discovery:discover_packages(ignore) discover
[2.378s] Level 1:colcon.colcon_core.package_discovery:discover_packages(ignore) using defaults
[2.379s] Level 1:colcon.colcon_core.package_discovery:discover_packages(path) discover
[2.379s] Level 1:colcon.colcon_core.package_discovery:discover_packages(path) using defaults
[2.519s] Level 1:colcon.colcon_core.package_discovery:discover_packages(prefix_path) check parameters
[2.519s] Level 1:colcon.colcon_core.package_discovery:discover_packages(prefix_path) discover
[2.540s] DEBUG:colcon.colcon_installed_package_information.package_discovery:Found 15 installed packages in /userdata/dev_ws/install
[2.543s] DEBUG:colcon.colcon_installed_package_information.package_discovery:Found 52 installed packages in /opt/tros/humble
[2.553s] DEBUG:colcon.colcon_installed_package_information.package_discovery:Found 256 installed packages in /opt/ros/humble
[2.563s] Level 1:colcon.colcon_core.package_discovery:discover_packages(prefix_path) using defaults
[2.966s] Level 5:colcon.colcon_core.verb:set package 'cmd_pub' build argument 'cmake_args' from command line to 'None'
[2.967s] Level 5:colcon.colcon_core.verb:set package 'cmd_pub' build argument 'cmake_target' from command line to 'None'
[2.967s] Level 5:colcon.colcon_core.verb:set package 'cmd_pub' build argument 'cmake_target_skip_unavailable' from command line to 'False'
[2.967s] Level 5:colcon.colcon_core.verb:set package 'cmd_pub' build argument 'cmake_clean_cache' from command line to 'False'
[2.967s] Level 5:colcon.colcon_core.verb:set package 'cmd_pub' build argument 'cmake_clean_first' from command line to 'False'
[2.968s] Level 5:colcon.colcon_core.verb:set package 'cmd_pub' build argument 'cmake_force_configure' from command line to 'False'
[2.968s] Level 5:colcon.colcon_core.verb:set package 'cmd_pub' build argument 'ament_cmake_args' from command line to 'None'
[2.968s] Level 5:colcon.colcon_core.verb:set package 'cmd_pub' build argument 'catkin_cmake_args' from command line to 'None'
[2.968s] Level 5:colcon.colcon_core.verb:set package 'cmd_pub' build argument 'catkin_skip_building_tests' from command line to 'False'
[2.968s] DEBUG:colcon.colcon_core.verb:Building package 'cmd_pub' with the following arguments: {'ament_cmake_args': None, 'build_base': '/root/ros_ws/catkin_ws/build/cmd_pub', 'catkin_cmake_args': None, 'catkin_skip_building_tests': False, 'cmake_args': None, 'cmake_clean_cache': False, 'cmake_clean_first': False, 'cmake_force_configure': False, 'cmake_target': None, 'cmake_target_skip_unavailable': False, 'install_base': '/root/ros_ws/catkin_ws/install/cmd_pub', 'merge_install': False, 'path': '/root/ros_ws/catkin_ws/src/cmd_pub', 'symlink_install': False, 'test_result_base': None}
[2.969s] INFO:colcon.colcon_core.executor:Executing jobs using 'parallel' executor
[2.974s] DEBUG:colcon.colcon_parallel_executor.executor.parallel:run_until_complete
[2.975s] INFO:colcon.colcon_ros.task.ament_cmake.build:Building ROS package in '/root/ros_ws/catkin_ws/src/cmd_pub' with build type 'ament_cmake'
[2.976s] INFO:colcon.colcon_cmake.task.cmake.build:Building CMake package in '/root/ros_ws/catkin_ws/src/cmd_pub'
[2.996s] INFO:colcon.colcon_core.plugin_system:Skipping extension 'colcon_core.shell.bat': Not used on non-Windows systems
[2.997s] INFO:colcon.colcon_core.shell:Skip shell extension 'powershell' for command environment: Not usable outside of PowerShell
[2.998s] DEBUG:colcon.colcon_core.shell:Skip shell extension 'dsv' for command environment
[3.039s] DEBUG:colcon.colcon_core.event_handler.log_command:Invoking command in '/root/ros_ws/catkin_ws/build/cmd_pub': CMAKE_PREFIX_PATH=${CMAKE_PREFIX_PATH}:/userdata/dev_ws/install/originbot_linefollower:/userdata/dev_ws/install/originbot_demo:/opt/tros/humble:/opt/ros/humble /usr/bin/cmake /root/ros_ws/catkin_ws/src/cmd_pub -DCMAKE_INSTALL_PREFIX=/root/ros_ws/catkin_ws/install/cmd_pub
[11.292s] DEBUG:colcon.colcon_core.event_handler.log_command:Invoked command in '/root/ros_ws/catkin_ws/build/cmd_pub' returned '0': CMAKE_PREFIX_PATH=${CMAKE_PREFIX_PATH}:/userdata/dev_ws/install/originbot_linefollower:/userdata/dev_ws/install/originbot_demo:/opt/tros/humble:/opt/ros/humble /usr/bin/cmake /root/ros_ws/catkin_ws/src/cmd_pub -DCMAKE_INSTALL_PREFIX=/root/ros_ws/catkin_ws/install/cmd_pub
[11.312s] DEBUG:colcon.colcon_core.event_handler.log_command:Invoking command in '/root/ros_ws/catkin_ws/build/cmd_pub': CMAKE_PREFIX_PATH=${CMAKE_PREFIX_PATH}:/userdata/dev_ws/install/originbot_linefollower:/userdata/dev_ws/install/originbot_demo:/opt/tros/humble:/opt/ros/humble /usr/bin/cmake --build /root/ros_ws/catkin_ws/build/cmd_pub -- -j8 -l8
[66.083s] DEBUG:colcon.colcon_core.event_handler.log_command:Invoked command in '/root/ros_ws/catkin_ws/build/cmd_pub' returned '0': CMAKE_PREFIX_PATH=${CMAKE_PREFIX_PATH}:/userdata/dev_ws/install/originbot_linefollower:/userdata/dev_ws/install/originbot_demo:/opt/tros/humble:/opt/ros/humble /usr/bin/cmake --build /root/ros_ws/catkin_ws/build/cmd_pub -- -j8 -l8
[66.140s] DEBUG:colcon.colcon_core.event_handler.log_command:Invoking command in '/root/ros_ws/catkin_ws/build/cmd_pub': CMAKE_PREFIX_PATH=${CMAKE_PREFIX_PATH}:/userdata/dev_ws/install/originbot_linefollower:/userdata/dev_ws/install/originbot_demo:/opt/tros/humble:/opt/ros/humble /usr/bin/cmake --install /root/ros_ws/catkin_ws/build/cmd_pub
[66.217s] Level 1:colcon.colcon_core.environment:create_environment_scripts_only(cmd_pub)
[66.222s] DEBUG:colcon.colcon_core.event_handler.log_command:Invoked command in '/root/ros_ws/catkin_ws/build/cmd_pub' returned '0': CMAKE_PREFIX_PATH=${CMAKE_PREFIX_PATH}:/userdata/dev_ws/install/originbot_linefollower:/userdata/dev_ws/install/originbot_demo:/opt/tros/humble:/opt/ros/humble /usr/bin/cmake --install /root/ros_ws/catkin_ws/build/cmd_pub
[66.276s] Level 1:colcon.colcon_core.environment:checking '/root/ros_ws/catkin_ws/install/cmd_pub' for CMake module files
[66.284s] Level 1:colcon.colcon_core.environment:checking '/root/ros_ws/catkin_ws/install/cmd_pub' for CMake config files
[66.285s] Level 1:colcon.colcon_core.shell:create_environment_hook('cmd_pub', 'cmake_prefix_path')
[66.287s] INFO:colcon.colcon_core.shell:Creating environment hook '/root/ros_ws/catkin_ws/install/cmd_pub/share/cmd_pub/hook/cmake_prefix_path.ps1'
[66.291s] INFO:colcon.colcon_core.shell:Creating environment descriptor '/root/ros_ws/catkin_ws/install/cmd_pub/share/cmd_pub/hook/cmake_prefix_path.dsv'
[66.294s] INFO:colcon.colcon_core.shell:Creating environment hook '/root/ros_ws/catkin_ws/install/cmd_pub/share/cmd_pub/hook/cmake_prefix_path.sh'
[66.299s] Level 1:colcon.colcon_core.environment:checking '/root/ros_ws/catkin_ws/install/cmd_pub/lib'
[66.300s] Level 1:colcon.colcon_core.environment:checking '/root/ros_ws/catkin_ws/install/cmd_pub/bin'
[66.300s] Level 1:colcon.colcon_core.environment:checking '/root/ros_ws/catkin_ws/install/cmd_pub/lib/pkgconfig/cmd_pub.pc'
[66.301s] Level 1:colcon.colcon_core.environment:checking '/root/ros_ws/catkin_ws/install/cmd_pub/lib/python3.10/site-packages'
[66.303s] Level 1:colcon.colcon_core.environment:checking '/root/ros_ws/catkin_ws/install/cmd_pub/bin'
[66.305s] INFO:colcon.colcon_core.shell:Creating package script '/root/ros_ws/catkin_ws/install/cmd_pub/share/cmd_pub/package.ps1'
[66.315s] INFO:colcon.colcon_core.shell:Creating package descriptor '/root/ros_ws/catkin_ws/install/cmd_pub/share/cmd_pub/package.dsv'
[66.319s] INFO:colcon.colcon_core.shell:Creating package script '/root/ros_ws/catkin_ws/install/cmd_pub/share/cmd_pub/package.sh'
[66.324s] INFO:colcon.colcon_core.shell:Creating package script '/root/ros_ws/catkin_ws/install/cmd_pub/share/cmd_pub/package.bash'
[66.330s] INFO:colcon.colcon_core.shell:Creating package script '/root/ros_ws/catkin_ws/install/cmd_pub/share/cmd_pub/package.zsh'
[66.336s] Level 1:colcon.colcon_core.environment:create_file_with_runtime_dependencies(/root/ros_ws/catkin_ws/install/cmd_pub/share/colcon-core/packages/cmd_pub)
[66.340s] Level 1:colcon.colcon_core.environment:create_environment_scripts_only(cmd_pub)
[66.342s] Level 1:colcon.colcon_core.environment:checking '/root/ros_ws/catkin_ws/install/cmd_pub' for CMake module files
[66.345s] Level 1:colcon.colcon_core.environment:checking '/root/ros_ws/catkin_ws/install/cmd_pub' for CMake config files
[66.346s] Level 1:colcon.colcon_core.shell:create_environment_hook('cmd_pub', 'cmake_prefix_path')
[66.348s] INFO:colcon.colcon_core.shell:Creating environment hook '/root/ros_ws/catkin_ws/install/cmd_pub/share/cmd_pub/hook/cmake_prefix_path.ps1'
[66.350s] INFO:colcon.colcon_core.shell:Creating environment descriptor '/root/ros_ws/catkin_ws/install/cmd_pub/share/cmd_pub/hook/cmake_prefix_path.dsv'
[66.352s] INFO:colcon.colcon_core.shell:Creating environment hook '/root/ros_ws/catkin_ws/install/cmd_pub/share/cmd_pub/hook/cmake_prefix_path.sh'
[66.355s] Level 1:colcon.colcon_core.environment:checking '/root/ros_ws/catkin_ws/install/cmd_pub/lib'
[66.355s] Level 1:colcon.colcon_core.environment:checking '/root/ros_ws/catkin_ws/install/cmd_pub/bin'
[66.355s] Level 1:colcon.colcon_core.environment:checking '/root/ros_ws/catkin_ws/install/cmd_pub/lib/pkgconfig/cmd_pub.pc'
[66.357s] Level 1:colcon.colcon_core.environment:checking '/root/ros_ws/catkin_ws/install/cmd_pub/lib/python3.10/site-packages'
[66.358s] Level 1:colcon.colcon_core.environment:checking '/root/ros_ws/catkin_ws/install/cmd_pub/bin'
[66.360s] INFO:colcon.colcon_core.shell:Creating package script '/root/ros_ws/catkin_ws/install/cmd_pub/share/cmd_pub/package.ps1'
[66.363s] INFO:colcon.colcon_core.shell:Creating package descriptor '/root/ros_ws/catkin_ws/install/cmd_pub/share/cmd_pub/package.dsv'
[66.365s] INFO:colcon.colcon_core.shell:Creating package script '/root/ros_ws/catkin_ws/install/cmd_pub/share/cmd_pub/package.sh'
[66.368s] INFO:colcon.colcon_core.shell:Creating package script '/root/ros_ws/catkin_ws/install/cmd_pub/share/cmd_pub/package.bash'
[66.370s] INFO:colcon.colcon_core.shell:Creating package script '/root/ros_ws/catkin_ws/install/cmd_pub/share/cmd_pub/package.zsh'
[66.373s] Level 1:colcon.colcon_core.environment:create_file_with_runtime_dependencies(/root/ros_ws/catkin_ws/install/cmd_pub/share/colcon-core/packages/cmd_pub)
[66.374s] DEBUG:colcon.colcon_parallel_executor.executor.parallel:closing loop
[66.375s] DEBUG:colcon.colcon_parallel_executor.executor.parallel:loop closed
[66.376s] DEBUG:colcon.colcon_parallel_executor.executor.parallel:run_until_complete finished with '0'
[66.376s] DEBUG:colcon.colcon_core.event_reactor:joining thread
[66.408s] INFO:colcon.colcon_core.plugin_system:Skipping extension 'colcon_notification.desktop_notification.notify_send': Could not find 'notify-send'
[66.408s] INFO:colcon.colcon_core.plugin_system:Skipping extension 'colcon_notification.desktop_notification.terminal_notifier': Not used on non-Darwin systems
[66.409s] INFO:colcon.colcon_core.plugin_system:Skipping extension 'colcon_notification.desktop_notification.win32': Not used on non-Windows systems
[66.409s] INFO:colcon.colcon_notification.desktop_notification:Sending desktop notification using 'notify2'
[91.506s] DEBUG:colcon.colcon_notification.desktop_notification.notify2:Failed to initialize notify2: org.freedesktop.DBus.Error.NoReply: Did not receive a reply. Possible causes include: the remote application did not send a reply, the message bus security policy blocked the reply, the reply timeout expired, or the network connection was broken.
[91.507s] DEBUG:colcon.colcon_core.event_reactor:joined thread
[91.510s] INFO:colcon.colcon_core.shell:Creating prefix script '/root/ros_ws/catkin_ws/install/local_setup.ps1'
[91.522s] INFO:colcon.colcon_core.shell:Creating prefix util module '/root/ros_ws/catkin_ws/install/_local_setup_util_ps1.py'
[91.536s] INFO:colcon.colcon_core.shell:Creating prefix chain script '/root/ros_ws/catkin_ws/install/setup.ps1'
[91.548s] INFO:colcon.colcon_core.shell:Creating prefix script '/root/ros_ws/catkin_ws/install/local_setup.sh'
[91.552s] INFO:colcon.colcon_core.shell:Creating prefix util module '/root/ros_ws/catkin_ws/install/_local_setup_util_sh.py'
[91.556s] INFO:colcon.colcon_core.shell:Creating prefix chain script '/root/ros_ws/catkin_ws/install/setup.sh'
[91.567s] INFO:colcon.colcon_core.shell:Creating prefix script '/root/ros_ws/catkin_ws/install/local_setup.bash'
[91.571s] INFO:colcon.colcon_core.shell:Creating prefix chain script '/root/ros_ws/catkin_ws/install/setup.bash'
[91.582s] INFO:colcon.colcon_core.shell:Creating prefix script '/root/ros_ws/catkin_ws/install/local_setup.zsh'
[91.586s] INFO:colcon.colcon_core.shell:Creating prefix chain script '/root/ros_ws/catkin_ws/install/setup.zsh'
